<?xml version="1.0" encoding="UTF-8"?>
<!-- Generated by org.testng.reporters.JUnitXMLReporter -->
<testsuite hostname="LAPTOP-H1U24GRC" ignored="0" name="Test" tests="3" failures="0" timestamp="30 Dec 2018 04:25:44 GMT" time="67.604" errors="0">
  <testcase name="testThatResultsAppearForAOneWayJourney" time="19.329" classname="com.TestVagrant.SampleTests.FlightBookingTest"/>
  <testcase name="shouldThrowAnErrorIfSignInDetailsAreMissing" time="4.466" classname="com.TestVagrant.SampleTests.SignInTest"/>
  <testcase name="shouldBeAbleToSearchForHotels" time="8.457" classname="com.TestVagrant.SampleTests.HotelBookingTest"/>
</testsuite> <!-- Test -->
