<?xml version="1.0" encoding="UTF-8"?>
<testng-results skipped="0" failed="0" ignored="0" total="1" passed="1">
  <reporter-output>
  </reporter-output>
  <suite name="Default suite" duration-ms="20185" started-at="2018-12-29T19:28:02Z" finished-at="2018-12-29T19:28:22Z">
    <groups>
    </groups>
    <test name="Default test" duration-ms="20185" started-at="2018-12-29T19:28:02Z" finished-at="2018-12-29T19:28:22Z">
      <class name="com.TestVagrant.SampleTests.SignInTest">
        <test-method status="PASS" signature="init()[pri:0, instance:com.TestVagrant.SampleTests.SignInTest@271053e1]" name="init" is-config="true" duration-ms="13427" started-at="2018-12-29T19:28:02Z" finished-at="2018-12-29T19:28:15Z">
          <reporter-output>
          </reporter-output>
        </test-method> <!-- init -->
        <test-method status="PASS" signature="shouldThrowAnErrorIfSignInDetailsAreMissing()[pri:0, instance:com.TestVagrant.SampleTests.SignInTest@271053e1]" name="shouldThrowAnErrorIfSignInDetailsAreMissing" duration-ms="6055" started-at="2018-12-29T19:28:15Z" finished-at="2018-12-29T19:28:21Z">
          <reporter-output>
          </reporter-output>
        </test-method> <!-- shouldThrowAnErrorIfSignInDetailsAreMissing -->
        <test-method status="PASS" signature="endTest()[pri:0, instance:com.TestVagrant.SampleTests.SignInTest@271053e1]" name="endTest" is-config="true" duration-ms="671" started-at="2018-12-29T19:28:21Z" finished-at="2018-12-29T19:28:22Z">
          <reporter-output>
          </reporter-output>
        </test-method> <!-- endTest -->
      </class> <!-- com.TestVagrant.SampleTests.SignInTest -->
    </test> <!-- Default test -->
  </suite> <!-- Default suite -->
</testng-results>
